Removed Pin From Net: NetName=5V Pin=J1-1A
Removed Pin From Net: NetName=GND Pin=J1-2A
Removed Pin From Net: NetName=SCL Pin=J1-3A
Removed Pin From Net: NetName=GND Pin=J1-4A
Removed Pin From Net: NetName=SDA Pin=J1-5A
Removed Pin From Net: NetName=GND Pin=J1-6A
Removed Pin From Net: NetName=POT_IN Pin=J1-7A
Removed Pin From Net: NetName=AUTO_EN Pin=J1-8A
Removed Pin From Net: NetName=BUT_CCW Pin=J1-9A
Removed Pin From Net: NetName=BUT_CC Pin=J1-10A
Removed Pin From Net: NetName=RGB_PWM Pin=J1-11A
Removed Pin From Net: NetName=GND Pin=J1-12A
Added Pin To Net: NetName=5V Pin=J1-1B
Added Pin To Net: NetName=GND Pin=J1-2B
Added Pin To Net: NetName=SCL Pin=J1-3B
Added Pin To Net: NetName=GND Pin=J1-4B
Added Pin To Net: NetName=SDA Pin=J1-5B
Added Pin To Net: NetName=GND Pin=J1-6B
Added Pin To Net: NetName=POT_IN Pin=J1-8B
Added Pin To Net: NetName=AUTO_EN Pin=J1-9B
Added Pin To Net: NetName=BUT_CCW Pin=J1-10B
Added Pin To Net: NetName=BUT_CC Pin=J1-11B
Added Pin To Net: NetName=RGB_PWM Pin=J1-12B
