Removed Pin From Net: NetName=12 V Pin=12V-1
Removed Pin From Net: NetName=12 V Pin=J1-1
Change Component Designator: OldDesignator=12V NewDesignator=12V_I
Added Component: Designator=12V_O(TP_1206)
Add component (AddParameter): Name = "Manufacturer"; Value = "Harwin Inc"; VariantName = "[No Variations]"
Add component (AddParameter): Name = "Manufacturer Part Number"; Value = "S1751-46R"; VariantName = "[No Variations]"
Add component (AddParameter): Name = "Manufacturer PN"; Value = ""; VariantName = "[No Variations]"
Add component (AddParameter): Name = "Mounting Type"; Value = "Surface Mount"; VariantName = "[No Variations]"
Add component (AddParameter): Name = "Price"; Value = ""; VariantName = "[No Variations]"
Add component (AddParameter): Name = "Storage Location"; Value = "ProtoPlace"; VariantName = "[No Variations]"
Add component (AddParameter): Name = "Supplier"; Value = "ECE Dept"; VariantName = "[No Variations]"
Add component (AddParameter): Name = "Supplier 1"; Value = "Digi-Key"; VariantName = "[No Variations]"
Add component (AddParameter): Name = "Supplier 2"; Value = "Farnell"; VariantName = "[No Variations]"
Add component (AddParameter): Name = "Supplier Part Number 1"; Value = "952-1478-2-ND"; VariantName = "[No Variations]"
Add component (AddParameter): Name = "Supplier Part Number 2"; Value = "1826282"; VariantName = "[No Variations]"
Add component (AddParameter): Name = "Type"; Value = "PC Test Point"; VariantName = "[No Variations]"
Add component (AddParameter): Name = "Value"; Value = "TP"; VariantName = "[No Variations]"
Add component (AddParameter): Name = "Verify"; Value = ""; VariantName = "[No Variations]"
Added Component: Designator=F?(RESC3216N)
Add component (AddParameter): Name = "Blow Characteristic"; Value = "Very Fast Acting"; VariantName = "[No Variations]"
Add component (AddParameter): Name = "Breaking Capacity"; Value = "50A @ 32V AC / 63"; VariantName = "[No Variations]"
Add component (AddParameter): Name = "Device Marking"; Value = "H"; VariantName = "[No Variations]"
Add component (AddParameter): Name = "Fuse Case Style"; Value = "1206"; VariantName = "[No Variations]"
Add component (AddParameter): Name = "Fuse Current"; Value = "1"; VariantName = "[No Variations]"
Add component (AddParameter): Name = "Fuse Type Blowing Characteristic"; Value = "Very Fast Acting"; VariantName = "[No Variations]"
Add component (AddParameter): Name = "Manufacturer"; Value = "MULTICOMP"; VariantName = "[No Variations]"
Add component (AddParameter): Name = "Manufacturer Part Number"; Value = "MC12CF 001"; VariantName = "[No Variations]"
Add component (AddParameter): Name = "Manufacturer PN"; Value = "MC12CF 001"; VariantName = "[No Variations]"
Add component (AddParameter): Name = "Storage Location"; Value = "PCB Assembly WS"; VariantName = "[No Variations]"
Add component (AddParameter): Name = "Supplier"; Value = "ECE Dept"; VariantName = "[No Variations]"
Add component (AddParameter): Name = "Supplier 1"; Value = "Farnell"; VariantName = "[No Variations]"
Add component (AddParameter): Name = "Supplier Part Number 1"; Value = "1841024"; VariantName = "[No Variations]"
Add component (AddParameter): Name = "Value"; Value = "1A"; VariantName = "[No Variations]"
Added Component: Designator=Q?(SOT23_L)
Add component (AddParameter): Name = "Case/Package"; Value = "SOT-23-3"; VariantName = "[No Variations]"
Add component (AddParameter): Name = "ComponentLink1Description"; Value = "https://datasheet.ciiva.com/11158/ssm3j328r-datasheet-en-20140301-11158652.pdf"; VariantName = "[No Variations]"
Add component (AddParameter): Name = "ComponentLink1URL"; Value = "https://datasheet.ciiva.com/11158/ssm3j328r-datasheet-en-20140301-11158652.pdf"; VariantName = "[No Variations]"
Add component (AddParameter): Name = "Continuous Drain Current (ID)"; Value = "6A"; VariantName = "[No Variations]"
Add component (AddParameter): Name = "Current - Continuous Drain (Id) @ 25° C"; Value = "6A"; VariantName = "[No Variations]"
Add component (AddParameter): Name = "Drain to Source Breakdown Voltage"; Value = "-20V"; VariantName = "[No Variations]"
Add component (AddParameter): Name = "Drain to Source Resistance"; Value = "47.4mR"; VariantName = "[No Variations]"
Add component (AddParameter): Name = "Drain to Source Voltage (Vdss)"; Value = "20V"; VariantName = "[No Variations]"
Add component (AddParameter): Name = "Element Configuration"; Value = "Single"; VariantName = "[No Variations]"
Add component (AddParameter): Name = "FET Feature"; Value = "Logic Level Gate, 1.5V Drive"; VariantName = "[No Variations]"
Add component (AddParameter): Name = "FET Type"; Value = "MOSFET P-Channel, Metal Oxide"; VariantName = "[No Variations]"
Add component (AddParameter): Name = "Gate Charge (Qg) @ Vgs"; Value = "12.8nC @ 4.5V"; VariantName = "[No Variations]"
Add component (AddParameter): Name = "Gate to Source Voltage (Vgs)"; Value = "8V"; VariantName = "[No Variations]"
Add component (AddParameter): Name = "Input Capacitance"; Value = "840pF"; VariantName = "[No Variations]"
Add component (AddParameter): Name = "Input Capacitance (Ciss) @ Vds"; Value = "840pF @ 10V"; VariantName = "[No Variations]"
Add component (AddParameter): Name = "Manufacturer"; Value = "Toshiba"; VariantName = "[No Variations]"
Add component (AddParameter): Name = "Manufacturer Part Number"; Value = "SSM3J328R,LF"; VariantName = "[No Variations]"
Add component (AddParameter): Name = "Max Operating Temperature"; Value = "150°C"; VariantName = "[No Variations]"
Add component (AddParameter): Name = "Max Power Dissipation"; Value = "1W"; VariantName = "[No Variations]"
Add component (AddParameter): Name = "Min Operating Temperature"; Value = "-55°C"; VariantName = "[No Variations]"
Add component (AddParameter): Name = "Mount"; Value = "Surface Mount"; VariantName = "[No Variations]"
Add component (AddParameter): Name = "Number of Channels"; Value = "1"; VariantName = "[No Variations]"
Add component (AddParameter): Name = "Number of Elements"; Value = "1"; VariantName = "[No Variations]"
Add component (AddParameter): Name = "Number of Pins"; Value = "3"; VariantName = "[No Variations]"
Add component (AddParameter): Name = "Package / Case"; Value = "SOT-23-3 Flat Leads"; VariantName = "[No Variations]"
Add component (AddParameter): Name = "Package Quantity"; Value = "3000"; VariantName = "[No Variations]"
Add component (AddParameter): Name = "Packaging"; Value = "Tape and Reel"; VariantName = "[No Variations]"
Add component (AddParameter): Name = "Power - Max"; Value = "1W"; VariantName = "[No Variations]"
Add component (AddParameter): Name = "Power Dissipation"; Value = "2W"; VariantName = "[No Variations]"
Add component (AddParameter): Name = "Pricing"; Value = "1=0.79, 10=0.658, 25=0.5772, 100=0.4939, 250=0.42836, 500=0.36284, 1000=0.27972 (NZD)"; VariantName = "[No Variations]"
Add component (AddParameter): Name = "Radiation Hardening"; Value = "No"; VariantName = "[No Variations]"
Add component (AddParameter): Name = "Rds On Max"; Value = "29.8mR"; VariantName = "[No Variations]"
Add component (AddParameter): Name = "Storage Location"; Value = "PCB Assembly WS"; VariantName = "[No Variations]"
Add component (AddParameter): Name = "Supplier"; Value = "Digi-Key"; VariantName = "[No Variations]"
Add component (AddParameter): Name = "Supplier 1"; Value = "Digi-Key"; VariantName = "[No Variations]"
Add component (AddParameter): Name = "Supplier Device Package"; Value = "SOT-23F"; VariantName = "[No Variations]"
Add component (AddParameter): Name = "Supplier Part Number"; Value = "SSM3J328RLFDKR-ND"; VariantName = "[No Variations]"
Add component (AddParameter): Name = "Supplier Part Number 1"; Value = "SSM3J328RLFDKR-ND"; VariantName = "[No Variations]"
Add component (AddParameter): Name = "Turn-Off Delay Time"; Value = "107ns"; VariantName = "[No Variations]"
Add component (AddParameter): Name = "Turn-On Delay Time"; Value = "32ns"; VariantName = "[No Variations]"
Add component (AddParameter): Name = "Vgs(th) (Max) @ Id"; Value = "1V @ 1mA"; VariantName = "[No Variations]"
Added Pin To Net: NetName=12 V Pin=12V_O-1
Added Pin To Net: NetName=GND Pin=Q?-1
Added Pin To Net: NetName=12 V Pin=Q?-2
Added Pin To Net: NetName=Net12V_I_1 Pin=12V_I-1
Added Pin To Net: NetName=Net12V_I_1 Pin=F?-1
Added Pin To Net: NetName=Net12V_I_1 Pin=J1-1
Added Net: Name=Net12V_I_1
Added Pin To Net: NetName=NetF?_2 Pin=F?-2
Added Pin To Net: NetName=NetF?_2 Pin=Q?-3
Added Net: Name=NetF?_2
Added Member To Class: ClassName=lathe_mainboard Member=Component 12V_O TP
Added Member To Class: ClassName=lathe_mainboard Member=Component F? 1A
Added Member To Class: ClassName=lathe_mainboard Member=Component Q? SSM3J328R,LF
Added Room: Name=lathe_mainboard
